<?xml version="1.0" encoding="UTF-8"?>
<!-- Generated by org.testng.reporters.JUnitReportReporter -->
<testsuite hostname="DESKTOP-O802M1B" failures="0" tests="1" name="testcase1.DeleteLead" time="36.815" errors="0" timestamp="2021-11-24T20:24:02 IST" skipped="0">
  <testcase classname="testcase1.DeleteLead" name="runDelete" time="36.815"/>
  <system-out/>
</testsuite> <!-- testcase1.DeleteLead -->
