<?xml version="1.0" encoding="UTF-8"?>
<!-- Generated by org.testng.reporters.JUnitReportReporter -->
<testsuite hostname="DESKTOP-O802M1B" failures="0" tests="2" name="tc_parametrization.CreateLead" time="30.709" errors="0" timestamp="2021-11-24T20:52:30 IST" skipped="0">
  <testcase classname="tc_parametrization.CreateLead" name="runCreateLead" time="17.171"/>
  <system-out/>
  <testcase classname="tc_parametrization.CreateLead" name="runCreateLead" time="13.538"/>
  <system-out/>
</testsuite> <!-- tc_parametrization.CreateLead -->
