<?xml version="1.0" encoding="UTF-8"?>
<!-- Generated by org.testng.reporters.JUnitReportReporter -->
<testsuite hostname="DESKTOP-O802M1B" failures="0" tests="1" name="Week5.Day1.AssignIncident" time="50.082" errors="0" timestamp="2021-11-01T17:04:33 IST" skipped="0">
  <testcase classname="Week5.Day1.AssignIncident" name="assignIncident" time="50.082"/>
  <system-out/>
</testsuite> <!-- Week5.Day1.AssignIncident -->
