<?xml version="1.0" encoding="UTF-8"?>
<!-- Generated by org.testng.reporters.JUnitReportReporter -->
<testsuite hostname="DESKTOP-O802M1B" failures="0" tests="1" name="Week5.Day2.NewIncident" time="95.640" errors="0" timestamp="2021-11-03T17:13:14 IST" skipped="0">
  <testcase classname="Week5.Day2.NewIncident" name="newIncidet" time="95.640"/>
  <system-out/>
</testsuite> <!-- Week5.Day2.NewIncident -->
