<?xml version="1.0" encoding="UTF-8"?>
<!-- Generated by org.testng.reporters.JUnitReportReporter -->
<testsuite hostname="DESKTOP-O802M1B" failures="0" tests="1" name="Week5.Day1.DeleteInstance" time="37.717" errors="0" timestamp="2021-11-01T17:04:33 IST" skipped="0">
  <testcase classname="Week5.Day1.DeleteInstance" name="runDelete" time="37.717"/>
  <system-out/>
</testsuite> <!-- Week5.Day1.DeleteInstance -->
