<?xml version="1.0" encoding="UTF-8"?>
<!-- Generated by org.testng.reporters.JUnitReportReporter -->
<testsuite hostname="DESKTOP-O802M1B" failures="0" tests="2" name="Week5.Day2.EditLead" time="34.563" errors="0" timestamp="2021-11-11T19:08:10 IST" skipped="0">
  <testcase classname="Week5.Day2.EditLead" name="runEditLead" time="17.680"/>
  <system-out/>
  <testcase classname="Week5.Day2.EditLead" name="runEditLead" time="16.883"/>
  <system-out/>
</testsuite> <!-- Week5.Day2.EditLead -->
