<?xml version="1.0" encoding="UTF-8"?>
<!-- Generated by org.testng.reporters.JUnitReportReporter -->
<testsuite hostname="DESKTOP-O802M1B" failures="0" tests="1" name="Week5.Day1.NewIncident" time="38.184" errors="0" timestamp="2021-11-01T17:04:33 IST" skipped="0">
  <testcase classname="Week5.Day1.NewIncident" name="newIncidet" time="38.184"/>
  <system-out/>
</testsuite> <!-- Week5.Day1.NewIncident -->
