<?xml version="1.0" encoding="UTF-8"?>
<!-- Generated by org.testng.reporters.JUnitReportReporter -->
<testsuite hostname="DESKTOP-O802M1B" failures="0" tests="1" name="testcase.MergeLead" time="28.543" errors="0" timestamp="2021-11-09T13:24:10 IST" skipped="0">
  <testcase classname="testcase.MergeLead" name="runMergeLead" time="28.543"/>
  <system-out/>
</testsuite> <!-- testcase.MergeLead -->
