<?xml version="1.0" encoding="UTF-8"?>
<!-- Generated by org.testng.reporters.JUnitReportReporter -->
<testsuite hostname="DESKTOP-O802M1B" failures="0" tests="3" name="Week5.Day2.CreateLead" time="40.451" errors="0" timestamp="2021-11-11T19:08:10 IST" skipped="0">
  <testcase classname="Week5.Day2.CreateLead" name="runCreateLead" time="14.970"/>
  <system-out/>
  <testcase classname="Week5.Day2.CreateLead" name="runCreateLead" time="12.759"/>
  <system-out/>
  <testcase classname="Week5.Day2.CreateLead" name="runCreateLead" time="12.722"/>
  <system-out/>
</testsuite> <!-- Week5.Day2.CreateLead -->
