<?xml version="1.0" encoding="UTF-8"?>
<!-- Generated by org.testng.reporters.JUnitReportReporter -->
<testsuite hostname="DESKTOP-O802M1B" failures="0" tests="4" name="RunnerService.ServiceNowRunner" time="178.329" errors="0" timestamp="2021-11-11T18:11:58 IST" skipped="0">
  <testcase classname="RunnerService.ServiceNowRunner" name="runScenario" time="53.187"/>
  <system-out/>
  <testcase classname="RunnerService.ServiceNowRunner" name="runScenario" time="42.447"/>
  <system-out/>
  <testcase classname="RunnerService.ServiceNowRunner" name="runScenario" time="36.515"/>
  <system-out/>
  <testcase classname="RunnerService.ServiceNowRunner" name="runScenario" time="46.180"/>
  <system-out/>
</testsuite> <!-- RunnerService.ServiceNowRunner -->
