<?xml version="1.0" encoding="UTF-8"?>
<!-- Generated by org.testng.reporters.JUnitReportReporter -->
<testsuite hostname="DESKTOP-O802M1B" failures="0" tests="4" name="runner.CucumberRunner" time="26.342" errors="0" timestamp="2021-11-06T19:55:03 IST" skipped="0">
  <testcase classname="runner.CucumberRunner" name="runScenario" time="7.027"/>
  <system-out/>
  <testcase classname="runner.CucumberRunner" name="runScenario" time="5.589"/>
  <system-out/>
  <testcase classname="runner.CucumberRunner" name="runScenario" time="7.219"/>
  <system-out/>
  <testcase classname="runner.CucumberRunner" name="runScenario" time="6.507"/>
  <system-out/>
</testsuite> <!-- runner.CucumberRunner -->
