<?xml version="1.0" encoding="UTF-8"?>
<!-- Generated by org.testng.reporters.JUnitReportReporter -->
<testsuite hostname="DESKTOP-O802M1B" failures="0" tests="3" name="testcase.CreateLead" time="98.685" errors="0" timestamp="2021-11-03T18:24:44 IST" skipped="0">
  <testcase classname="testcase.CreateLead" name="runCreateLead" time="24.680"/>
  <system-out/>
  <testcase classname="testcase.CreateLead" name="runCreateLead" time="25.771"/>
  <system-out/>
  <testcase classname="testcase.CreateLead" name="runCreateLead" time="48.234"/>
  <system-out/>
</testsuite> <!-- testcase.CreateLead -->
