<?xml version="1.0" encoding="UTF-8"?>
<!-- Generated by org.testng.reporters.JUnitReportReporter -->
<testsuite hostname="DESKTOP-O802M1B" failures="0" tests="1" name="Week5.Day1.CreateLead" time="15.596" errors="0" timestamp="2021-11-12T13:13:30 IST" skipped="0">
  <testcase classname="Week5.Day1.CreateLead" name="runCreateLead" time="15.596"/>
  <system-out/>
</testsuite> <!-- Week5.Day1.CreateLead -->
