<?xml version="1.0" encoding="UTF-8"?>
<!-- Generated by org.testng.reporters.JUnitReportReporter -->
<testsuite hostname="DESKTOP-O802M1B" failures="0" tests="1" name="testcase.DuplicateLead" time="17.630" errors="0" timestamp="2021-11-09T14:02:28 IST" skipped="0">
  <testcase classname="testcase.DuplicateLead" name="runDuplicate" time="17.630"/>
  <system-out/>
</testsuite> <!-- testcase.DuplicateLead -->
