<?xml version="1.0" encoding="UTF-8"?>
<!-- Generated by org.testng.reporters.JUnitReportReporter -->
<testsuite hostname="DESKTOP-O802M1B" failures="0" tests="1" name="Week5.Day1.TestngSample" time="14.078" errors="0" timestamp="2021-10-25T14:04:47 IST" skipped="0">
  <testcase classname="Week5.Day1.TestngSample" name="loginPage" time="14.078"/>
  <system-out/>
</testsuite> <!-- Week5.Day1.TestngSample -->
