<?xml version="1.0" encoding="UTF-8"?>
<!-- Generated by org.testng.reporters.JUnitReportReporter -->
<testsuite hostname="DESKTOP-O802M1B" failures="0" tests="4" name="runner1.CucumberRunner1" time="74.683" errors="0" timestamp="2021-11-11T18:23:06 IST" skipped="0">
  <testcase classname="runner1.CucumberRunner1" name="runScenario" time="24.530"/>
  <system-out/>
  <testcase classname="runner1.CucumberRunner1" name="runScenario" time="17.905"/>
  <system-out/>
  <testcase classname="runner1.CucumberRunner1" name="runScenario" time="17.867"/>
  <system-out/>
  <testcase classname="runner1.CucumberRunner1" name="runScenario" time="14.381"/>
  <system-out/>
</testsuite> <!-- runner1.CucumberRunner1 -->
