<?xml version="1.0" encoding="UTF-8"?>
<!-- Generated by org.testng.reporters.JUnitReportReporter -->
<testsuite hostname="DESKTOP-O802M1B" failures="0" tests="1" name="Week5.Day1.DeleteLead" time="16.707" errors="0" timestamp="2021-11-07T19:16:24 IST" skipped="0">
  <testcase classname="Week5.Day1.DeleteLead" name="runDelete" time="16.707"/>
  <system-out/>
</testsuite> <!-- Week5.Day1.DeleteLead -->
